{"sessionId": "45f78f", "runId": "pre-fix", "hypothesisId": "H4", "location": "app.py:_dbg45_before_request", "message": "incoming_request", "data": {"path": "/login", "method": "GET"}, "timestamp": 1776025819878}
{"sessionId": "45f78f", "runId": "pre-fix", "hypothesisId": "H4", "location": "app.py:_dbg45_before_request", "message": "incoming_request", "data": {"path": "/login", "method": "GET"}, "timestamp": 1776025831720}
{"sessionId": "45f78f", "runId": "pre-fix", "hypothesisId": "H4", "location": "app.py:_dbg45_before_request", "message": "incoming_request", "data": {"path": "/login", "method": "POST"}, "timestamp": 1776025831726}
{"sessionId": "45f78f", "runId": "pre-fix", "hypothesisId": "H4", "location": "app.py:_dbg45_before_request", "message": "incoming_request", "data": {"path": "/register", "method": "GET"}, "timestamp": 1776025831730}
{"sessionId": "45f78f", "runId": "pre-fix", "hypothesisId": "H4", "location": "app.py:_dbg45_before_request", "message": "incoming_request", "data": {"path": "/register", "method": "POST"}, "timestamp": 1776025831732}
{"sessionId": "45f78f", "runId": "pre-fix", "hypothesisId": "H4", "location": "app.py:_dbg45_before_request", "message": "incoming_request", "data": {"path": "/account", "method": "GET"}, "timestamp": 1776025831733}
{"sessionId": "45f78f", "runId": "pre-fix", "hypothesisId": "H4", "location": "app.py:_dbg45_before_request", "message": "incoming_request", "data": {"path": "/cart", "method": "GET"}, "timestamp": 1776025831735}
{"sessionId": "45f78f", "runId": "pre-fix", "hypothesisId": "H4", "location": "app.py:_dbg45_before_request", "message": "incoming_request", "data": {"path": "/add_to_cart/1", "method": "GET"}, "timestamp": 1776025831739}
{"sessionId": "45f78f", "runId": "pre-fix", "hypothesisId": "H4", "location": "app.py:_dbg45_before_request", "message": "incoming_request", "data": {"path": "/", "method": "GET"}, "timestamp": 1776025956688}
{"sessionId": "45f78f", "runId": "pre-fix", "hypothesisId": "H4", "location": "app.py:_dbg45_before_request", "message": "incoming_request", "data": {"path": "/static/style.css", "method": "GET"}, "timestamp": 1776025956772}
{"sessionId": "45f78f", "runId": "pre-fix", "hypothesisId": "H4", "location": "app.py:_dbg45_before_request", "message": "incoming_request", "data": {"path": "/login", "method": "GET"}, "timestamp": 1776025963373}
{"sessionId": "45f78f", "runId": "pre-fix", "hypothesisId": "H4", "location": "app.py:_dbg45_before_request", "message": "incoming_request", "data": {"path": "/static/style.css", "method": "GET"}, "timestamp": 1776025963394}
{"sessionId": "45f78f", "runId": "pre-fix", "hypothesisId": "H4", "location": "app.py:_dbg45_before_request", "message": "incoming_request", "data": {"path": "/register", "method": "GET"}, "timestamp": 1776025971019}
{"sessionId": "45f78f", "runId": "pre-fix", "hypothesisId": "H4", "location": "app.py:_dbg45_before_request", "message": "incoming_request", "data": {"path": "/static/style.css", "method": "GET"}, "timestamp": 1776025971042}
{"sessionId": "45f78f", "runId": "pre-fix", "hypothesisId": "H4", "location": "app.py:_dbg45_before_request", "message": "incoming_request", "data": {"path": "/register", "method": "POST"}, "timestamp": 1776025983469}
{"sessionId": "45f78f", "runId": "pre-fix", "hypothesisId": "H4", "location": "app.py:_dbg45_before_request", "message": "incoming_request", "data": {"path": "/login", "method": "GET"}, "timestamp": 1776025983478}
{"sessionId": "45f78f", "runId": "pre-fix", "hypothesisId": "H4", "location": "app.py:_dbg45_before_request", "message": "incoming_request", "data": {"path": "/static/style.css", "method": "GET"}, "timestamp": 1776025983509}
{"sessionId": "45f78f", "runId": "pre-fix", "hypothesisId": "H4", "location": "app.py:_dbg45_before_request", "message": "incoming_request", "data": {"path": "/login", "method": "POST"}, "timestamp": 1776025986828}
{"sessionId": "45f78f", "runId": "pre-fix", "hypothesisId": "H4", "location": "app.py:_dbg45_before_request", "message": "incoming_request", "data": {"path": "/", "method": "GET"}, "timestamp": 1776025986836}
{"sessionId": "45f78f", "runId": "pre-fix", "hypothesisId": "H4", "location": "app.py:_dbg45_before_request", "message": "incoming_request", "data": {"path": "/static/style.css", "method": "GET"}, "timestamp": 1776025986865}
{"sessionId": "45f78f", "runId": "pre-fix", "hypothesisId": "H4", "location": "app.py:_dbg45_before_request", "message": "incoming_request", "data": {"path": "/add_to_cart/1", "method": "GET"}, "timestamp": 1776025989568}
{"sessionId": "45f78f", "runId": "pre-fix", "hypothesisId": "H4", "location": "app.py:_dbg45_before_request", "message": "incoming_request", "data": {"path": "/", "method": "GET"}, "timestamp": 1776025989573}
{"sessionId": "45f78f", "runId": "pre-fix", "hypothesisId": "H4", "location": "app.py:_dbg45_before_request", "message": "incoming_request", "data": {"path": "/static/style.css", "method": "GET"}, "timestamp": 1776025989591}
